<?xml version="1.0" encoding="UTF-8"?>
<!-- Generated by org.testng.reporters.JUnitReportReporter -->
<testsuite hostname="DESKTOP-ADNUNEG" name="org.log.TesingMaven" tests="1" failures="0" timestamp="23 Jan 2022 05:29:39 GMT" time="0.013" errors="0">
  <testcase name="tc1" time="0.013" classname="org.log.TesingMaven"/>
</testsuite> <!-- org.log.TesingMaven -->
